<?xml version="1.0" encoding="UTF-8"?>
<!-- Generated by org.testng.reporters.JUnitXMLReporter -->
<testsuite ignored="2" hostname="DESKTOP-5NEEPGF" failures="0" tests="2" name="Test" time="0.045" errors="0" timestamp="16 Nov 2024 16:49:08 GMT">
  <testcase classname="Login.Login" name="Mtest" time="0.007"/>
  <testcase classname="Org.Organization" name="Mtest" time="0.0"/>
  <testcase classname="Org.Organization" name="Rtest" time="0.0">
    <ignored/>
  </testcase> <!-- Rtest -->
  <testcase classname="Login.Login" name="Rtest" time="0.0">
    <ignored/>
  </testcase> <!-- Rtest -->
</testsuite> <!-- Test -->
