<?xml version="1.0" encoding="UTF-8"?>
<!-- Generated by org.testng.reporters.JUnitXMLReporter -->
<testsuite ignored="2" hostname="DESKTOP-5NEEPGF" failures="0" tests="2" name="Test" time="0.09" errors="0" timestamp="17 Nov 2024 09:20:26 GMT">
  <testcase classname="Login.Login" name="Rtest" time="0.019"/>
  <testcase classname="Org.Organization" name="Rtest" time="0.0"/>
  <testcase classname="Org.Organization" name="Mtest" time="0.0">
    <ignored/>
  </testcase> <!-- Mtest -->
  <testcase classname="Login.Login" name="Mtest" time="0.0">
    <ignored/>
  </testcase> <!-- Mtest -->
</testsuite> <!-- Test -->
