<?xml version="1.0" encoding="UTF-8"?>
<testng-results ignored="2" total="4" passed="2" failed="0" skipped="0">
  <reporter-output>
  </reporter-output>
  <suite started-at="2024-11-17T03:41:37Z" name="Suite" finished-at="2024-11-17T03:41:37Z" duration-ms="32">
    <groups>
      <group name="regression">
        <method signature="Login.Rtest()[pri:0, instance:Login.Login@4d6025c5]" name="Rtest" class="Login.Login"/>
        <method signature="Organization.Rtest()[pri:0, instance:Org.Organization@7f284218]" name="Rtest" class="Org.Organization"/>
      </group> <!-- regression -->
    </groups>
    <test started-at="2024-11-17T03:41:37Z" name="Test" finished-at="2024-11-17T03:41:37Z" duration-ms="32">
      <class name="Login.Login">
        <test-method signature="Rtest()[pri:0, instance:Login.Login@4d6025c5]" started-at="2024-11-17T03:41:37Z" name="Rtest" finished-at="2024-11-17T03:41:37Z" duration-ms="7" status="PASS">
          <reporter-output>
          </reporter-output>
        </test-method> <!-- Rtest -->
      </class> <!-- Login.Login -->
      <class name="Org.Organization">
        <test-method signature="Rtest()[pri:0, instance:Org.Organization@7f284218]" started-at="2024-11-17T03:41:37Z" name="Rtest" finished-at="2024-11-17T03:41:37Z" duration-ms="0" status="PASS">
          <reporter-output>
          </reporter-output>
        </test-method> <!-- Rtest -->
      </class> <!-- Org.Organization -->
    </test> <!-- Test -->
  </suite> <!-- Suite -->
</testng-results>
