<?xml version="1.0" encoding="UTF-8"?>
<testng-results ignored="2" total="4" passed="2" failed="0" skipped="0">
  <reporter-output>
  </reporter-output>
  <suite started-at="2024-11-16T16:49:08Z" name="Suite" finished-at="2024-11-16T16:49:08Z" duration-ms="45">
    <groups>
      <group name="smoke">
        <method signature="Login.Mtest()[pri:0, instance:Login.Login@4d6025c5]" name="Mtest" class="Login.Login"/>
        <method signature="Organization.Mtest()[pri:0, instance:Org.Organization@7f284218]" name="Mtest" class="Org.Organization"/>
      </group> <!-- smoke -->
    </groups>
    <test started-at="2024-11-16T16:49:08Z" name="Test" finished-at="2024-11-16T16:49:08Z" duration-ms="45">
      <class name="Login.Login">
        <test-method signature="Mtest()[pri:0, instance:Login.Login@4d6025c5]" started-at="2024-11-16T16:49:08Z" name="Mtest" finished-at="2024-11-16T16:49:08Z" duration-ms="7" status="PASS">
          <reporter-output>
          </reporter-output>
        </test-method> <!-- Mtest -->
      </class> <!-- Login.Login -->
      <class name="Org.Organization">
        <test-method signature="Mtest()[pri:0, instance:Org.Organization@7f284218]" started-at="2024-11-16T16:49:08Z" name="Mtest" finished-at="2024-11-16T16:49:08Z" duration-ms="0" status="PASS">
          <reporter-output>
          </reporter-output>
        </test-method> <!-- Mtest -->
      </class> <!-- Org.Organization -->
    </test> <!-- Test -->
  </suite> <!-- Suite -->
</testng-results>
