<?xml version="1.0" encoding="UTF-8"?>
<testng-results ignored="2" total="4" passed="2" failed="0" skipped="0">
  <reporter-output>
  </reporter-output>
  <suite started-at="2024-11-16T21:45:36 IST" name="Suite" finished-at="2024-11-16T21:45:36 IST" duration-ms="49">
    <groups>
      <group name="regression">
        <method signature="Login.Rtest()[pri:0, instance:Login.Login@5a45133e]" name="Rtest" class="Login.Login"/>
        <method signature="Organization.Rtest()[pri:0, instance:Org.Organization@41a0aa7d]" name="Rtest" class="Org.Organization"/>
      </group> <!-- regression -->
    </groups>
    <test started-at="2024-11-16T21:45:36 IST" name="Test" finished-at="2024-11-16T21:45:36 IST" duration-ms="49">
      <class name="Login.Login">
        <test-method signature="Rtest()[pri:0, instance:Login.Login@5a45133e]" started-at="2024-11-16T21:45:36 IST" name="Rtest" finished-at="2024-11-16T21:45:36 IST" duration-ms="7" status="PASS">
          <reporter-output>
          </reporter-output>
        </test-method> <!-- Rtest -->
      </class> <!-- Login.Login -->
      <class name="Org.Organization">
        <test-method signature="Rtest()[pri:0, instance:Org.Organization@41a0aa7d]" started-at="2024-11-16T21:45:36 IST" name="Rtest" finished-at="2024-11-16T21:45:36 IST" duration-ms="1" status="PASS">
          <reporter-output>
          </reporter-output>
        </test-method> <!-- Rtest -->
      </class> <!-- Org.Organization -->
    </test> <!-- Test -->
  </suite> <!-- Suite -->
</testng-results>
